CO BIRD -80.4615 34.645 132
CO C1SC -79.959 32.798 5.0
CO C2SC -79.964 32.799 2.0
CO CASEE -82.9317 34.993 385.0
CO CSB -80.0715 32.987 6
CO HODGE -82.2586 34.2315 151
CO HAW -81.6097 33.3612 112.0
CO JSC -81.2597 34.2818 103
CO PAULI -81.8144 34.821 179
CO RGR -80.193968 32.907482 
CO SUMMV -80.2738 33.0658 17.1
CO TEEBA -80.1911 32.8975 11.2
ET ASTN -83.476 36.327 753
ET BCRT -84.576 35.766 409
ET CCNC -82.714 36.023 1452
ET CCRT -84.053 35.466 915
ET CMGA -85.034 34.629 478
ET CPCT -84.522 35.45 275.0
ET CPRT -83.8807 36.1567 2188
ET DSNC -81.6361 35.5831 762
ET DYTN -85.092 35.491 580
ET ETT -84.455 35.326 588
ET FPAL -85.611 34.54 556
ET GFM -81.807 36.111 1726
ET GMG -84.67 34.863 1097
ET GRBT -84.197 35.674 329
ET LRVA -82.786 36.788 1050
ET MGNC -82.286 35.737 1964
ET RCGA -85.348 34.976 460
ET SWET -85.932 35.216 581
ET TRYN -82.246 35.267 915
ET TVNC2 -81.2128 36.033 735
ET VHTN -82.802 36.399 648
ET WMTN2 -84.1755 36.4095 849
ET WMTN -84.176 36.41 830
ET WSNC -83.581 35.173 1640
